<?xml version="1.0" encoding="UTF-8"?>
<testng-results ignored="0" total="1" passed="1" failed="0" skipped="0">
  <reporter-output>
  </reporter-output>
  <suite started-at="2023-03-14T10:33:33 IST" name="Default suite" finished-at="2023-03-14T10:34:46 IST" duration-ms="73272">
    <groups>
    </groups>
    <test started-at="2023-03-14T10:33:33 IST" name="Default test" finished-at="2023-03-14T10:34:46 IST" duration-ms="73272">
      <class name="Appium.Testing.SeeMore">
        <test-method signature="launch()[pri:0, instance:Appium.Testing.SeeMore@483f6d77]" started-at="2023-03-14T10:33:33 IST" name="launch" finished-at="2023-03-14T10:34:46 IST" duration-ms="73237" status="PASS">
          <reporter-output>
          </reporter-output>
        </test-method> <!-- launch -->
      </class> <!-- Appium.Testing.SeeMore -->
    </test> <!-- Default test -->
  </suite> <!-- Default suite -->
</testng-results>
